<?xml version="1.0" encoding="UTF-8"?>
<testng-results ignored="0" total="2" passed="2" failed="0" skipped="0">
  <reporter-output>
  </reporter-output>
  <suite started-at="2025-07-31T06:18:40 IST" name="Default suite" finished-at="2025-07-31T06:18:51 IST" duration-ms="11156">
    <groups>
    </groups>
    <test started-at="2025-07-31T06:18:40 IST" name="Default test" finished-at="2025-07-31T06:18:51 IST" duration-ms="11156">
      <class name="com.testing.tests.FileUploadTests">
        <test-method is-config="true" signature="setUp()[pri:0, instance:com.testing.tests.FileUploadTests@70e8f8e]" started-at="2025-07-31T06:18:40 IST" name="setUp" finished-at="2025-07-31T06:18:44 IST" duration-ms="3992" status="PASS">
          <reporter-output>
          </reporter-output>
        </test-method> <!-- setUp -->
        <test-method signature="testFileUpload()[pri:0, instance:com.testing.tests.FileUploadTests@70e8f8e]" started-at="2025-07-31T06:18:44 IST" name="testFileUpload" description="TC08: Upload a valid file under 500 KB" finished-at="2025-07-31T06:18:47 IST" duration-ms="2274" status="PASS">
          <reporter-output>
          </reporter-output>
        </test-method> <!-- testFileUpload -->
        <test-method is-config="true" signature="tearDown()[pri:0, instance:com.testing.tests.FileUploadTests@70e8f8e]" started-at="2025-07-31T06:18:47 IST" name="tearDown" finished-at="2025-07-31T06:18:47 IST" duration-ms="222" status="PASS">
          <reporter-output>
          </reporter-output>
        </test-method> <!-- tearDown -->
        <test-method is-config="true" signature="setUp()[pri:0, instance:com.testing.tests.FileUploadTests@70e8f8e]" started-at="2025-07-31T06:18:47 IST" name="setUp" finished-at="2025-07-31T06:18:51 IST" duration-ms="4151" status="PASS">
          <reporter-output>
          </reporter-output>
        </test-method> <!-- setUp -->
        <test-method signature="testInvlidFileUpload()[pri:0, instance:com.testing.tests.FileUploadTests@70e8f8e]" started-at="2025-07-31T06:18:51 IST" name="testInvlidFileUpload" description="TC09: Attempt to upload a file greater than 500 KB" finished-at="2025-07-31T06:18:51 IST" duration-ms="222" status="PASS">
          <reporter-output>
          </reporter-output>
        </test-method> <!-- testInvlidFileUpload -->
        <test-method is-config="true" signature="tearDown()[pri:0, instance:com.testing.tests.FileUploadTests@70e8f8e]" started-at="2025-07-31T06:18:51 IST" name="tearDown" finished-at="2025-07-31T06:18:51 IST" duration-ms="257" status="PASS">
          <reporter-output>
          </reporter-output>
        </test-method> <!-- tearDown -->
      </class> <!-- com.testing.tests.FileUploadTests -->
    </test> <!-- Default test -->
  </suite> <!-- Default suite -->
</testng-results>
