<?xml version="1.0" encoding="UTF-8"?>
<!-- Generated by org.testng.reporters.JUnitXMLReporter -->
<testsuite ignored="0" hostname="LAPTOP-PSOPE6TS" failures="0" tests="4" name="Default test" time="5.001" errors="0" timestamp="2025-07-31T03:37:04 IST">
  <testcase classname="com.testing.api_automation.UserTest" name="createUser" time="3.171"/>
  <testcase classname="com.testing.api_automation.UserTest" name="loginUser" time="0.817"/>
  <testcase classname="com.testing.api_automation.UserTest" name="createNote" time="0.53"/>
  <testcase classname="com.testing.api_automation.UserTest" name="getAllNotes" time="0.424"/>
</testsuite> <!-- Default test -->
